-61,330
-66,636
-66,952
-69,1113
-68,1424
-68,1741
-128,0
-72,15227
-72,15255
-70,15333
-70,15359
-70,15432
-70,15458
-67,15531
-65,15555
-66,15625
-65,15645
-69,15727
-69,15754
-65,15830
-64,15854
-63,15936
-69,16017
-69,16040
-64,16121
-64,16142
-67,16217
-68,16242
-65,16311
-67,16341
-64,16439
-65,16516
-65,16539
-67,16634
-59,16715
-59,16738
-60,16835
-60,16858
-65,16912
-65,16940
-60,17027
-60,17048
-66,17126
-65,17156
-68,17212
-68,17237
-68,17261
-58,17335
-66,17413
-67,17437
-75,17532
-76,17559
-65,17627
-66,17648
-65,17729
-64,17751
-69,17821
-69,17846
-66,17924
-69,17948
-65,18031
-64,18055
-67,18132
-67,18158
-65,18234
-62,18256
-63,18333
-64,18358
-72,18434
-76,18456
-65,18528
-61,18551
-61,18625
-63,18652
-69,18726
-74,18754
-57,18824
-56,18852
-55,18926
-56,18947
-68,19012
-69,19037
-57,19113
-56,19133
-57,19219
-57,19249
-64,19321
-63,19346
-54,19424
-55,19449
-62,19524
-62,19553
-65,19628
-65,19649
-57,19722
-56,19743
-58,19814
-59,19840
-68,19917
-64,19940
-57,20036
-53,20055
-60,20131
-69,20214
-63,20236
-54,20312
-56,20335
-58,20422
-63,20446
-65,20522
-63,20548
-55,20629
-57,20650
-59,20734
-58,20759
-63,20814
-65,20836
-63,20861
-54,20923
-55,20947
-54,21018
-55,21041
-61,21125
-58,21154
-54,21233
-56,21260
-58,21335
-65,21415
-66,21438
-51,21515
-52,21541
-55,21617
-55,21639
-63,21739
-56,21819
-55,21840
-55,21914
-56,21938
-56,21960
-59,22033
-59,22059
-59,22126
-59,22152
-68,22217
-69,22239
-72,22261
-68,22315
-67,22344
-61,22414
-61,22435
-63,22458
-64,22531
-64,22560
-71,22632
-73,22659
-61,22729
-60,22751
-63,22819
-63,22842
-68,22920
-68,22945
-68,23013
-69,23035
-68,23112
-67,23134
-64,23160
-67,23238
-64,23315
-67,23336
-69,23361
-73,23427
-73,23449
-77,23539
-67,23631
-68,23652
-66,23731
-65,23753
-72,23833
-74,23856
-72,23925
-70,23950
-67,24014
-69,24043
-70,24126
-71,24150
-65,24226
-63,24247
-62,24323
-62,24352
-76,24429
-77,24457
-61,24534
-60,24640
-65,24732
-65,24752
-58,24832
-58,24852
-62,24928
-62,24954
-70,25029
-71,25056
-60,25133
-60,25157
-65,25222
-65,25248
-73,25330
-74,25357
-56,25431
-56,25460
-59,25534
-59,25554
-66,25630
-65,25652
-55,25722
-56,25751
-59,25823
-59,25843
-68,25925
-65,25954
-60,26020
-60,26043
-62,26128
-62,26155
-69,26234
-67,26260
-64,26333
-65,26353
-65,26432
-66,26530
-66,26550
-61,26628
-61,26657
-62,26730
-62,26759
-68,26814
-69,26834
-62,26932
-64,26952
-66,27022
-66,27041
-74,27122
-73,27143
-63,27219
-63,27243
-67,27316
-67,27340
-71,27414
-71,27437
-72,27458
-66,27525
-67,27545
-64,27614
-62,27639
-68,27720
-68,27749
-61,27830
-60,27858
-61,27912
-61,27940
-69,28029
-70,28054
-62,28131
-62,28157
-65,28233
-74,28312
-76,28337
-77,28359
-62,28437
-61,28458
-64,28512
-64,28541
-68,28631
-68,28653
-68,28715
-68,28744
-67,28821
-66,28841
-72,28925
-71,28953
-62,29035
-65,29119
-64,29148
-67,29218
-68,29242
-63,29325
-63,29352
-75,29419
-72,29442
-75,29516
-70,29542
-62,29638
-65,29712
-65,29734
-67,29815
-67,29835
-62,29932
-62,29954
-63,30030
-62,30058
-67,30125
-68,30151
-64,30217
-63,30241
-63,30321
-62,30346
-68,30420
-70,30444
-62,30516
-61,30538
-62,30620
-62,30646
-67,30723
-67,30745
-59,30830
-58,30851
-60,30928
-60,30955
-65,31028
-65,31048
-57,31124
-60,31148
-59,31228
-59,31250
-63,31326
-62,31348
-60,31420
-57,31447
-61,31522
-62,31543
-65,31619
-65,31643
-59,31738
-63,31820
-64,31841
-68,31918
-68,31948
-63,32035
-63,32054
-64,32115
-64,32144
-68,32219
-68,32246
-62,32316
-62,32344
-62,32417
-63,32443
-70,32524
-70,32546
-65,32625
-66,32646
-64,32713
-65,32738
-71,32813
-71,32835
-70,32860
-67,32939
-63,33033
-64,33055
-69,33136
-68,33232
-69,33253
-69,33333
-71,33360
-76,33432
-75,33453
-75,33518
-75,33546
-71,33622
-69,33643
-70,33722
-70,33747
-68,33831
-68,33853
-69,33927
-70,33952
-76,34031
-76,34059
-75,34132
-78,34154
-66,34235
-68,34322
-68,34344
-63,34418
-63,34447
-62,34515
-62,34542
-67,34617
-68,34639
-62,34717
-62,34741
-63,34831
-63,34855
-75,34933
-74,34956
-63,35021
-63,35048
-64,35129
-64,35157
-72,35234
-72,35254
-62,35319
-62,35344
-64,35420
-64,35441
-69,35525
-69,35548
-63,35628
-64,35656
-65,35734
-65,35758
-69,35833
-66,35936
-66,35958
-67,36026
-68,36047
-70,36121
-71,36143
-71,36220
-73,36241
-72,36314
-72,36336
-74,36413
-74,36442
-79,36515
-77,36542
-69,36616
-68,36641
-73,36717
-73,36738
-75,36833
-72,36933
-72,36960
-78,37014
-78,37040
-78,37125
-73,37151
-69,37227
-69,37249
-72,37329
-74,37354
-69,37427
-67,37448
-68,37522
-68,37542
-70,37619
-70,37644
-65,37736
-65,37757
-67,37836
-66,37859
-73,37931
-73,37957
-65,38035
-65,38058
-66,38112
-66,38136
-66,38159
-78,38235
-65,38332
-65,38351
-66,38431
-66,38455
-65,38614
-61,38639
-65,38735
-66,38756
-74,38811
-74,38841
-63,38914
-62,38941
-64,39032
-64,39055
-75,39124
-75,39146
-62,39218
-62,39243
-62,39324
-62,39348
-73,39434
-73,39458
-62,39532
-62,39632
-62,39654
-72,39724
-70,39753
-59,39825
-59,39850
-60,39923
-60,39953
-68,40020
-68,40047
-62,40125
-63,40153
-59,40222
-58,40246
-65,40315
-65,40337
-64,40359
-60,40415
-60,40436
-62,40460
-64,40535
-64,40559
-70,40628
-70,40653
-61,40738
-60,40820
-59,40846
-67,40916
-69,40944
-62,41019
-60,41048
-60,41123
-61,41149
-68,41225
-67,41247
-57,41329
-59,41351
-59,41423
-60,41449
-67,41517
-66,41538
-56,41633
-61,41657
-62,41737
-66,41760
-70,41833
-60,41936
-57,42033
-67,42131
-66,42152
-52,42218
-52,42243
-55,42319
-54,42343
-65,42417
-65,42443
-50,42518
-50,42539
-50,42560
-53,42630
-53,42653
-64,42731
-47,42834
-47,42855
-50,42929
-50,42951
-58,43027
-59,43047
-47,43124
-48,43151
-49,43223
-49,43243
-58,43323
-58,43345
-47,43423
-47,43448
-50,43516
-50,43541
-61,43626
-60,43651
-47,43720
-47,43750
-51,43823
-51,43844
-59,43922
-60,43952
-50,44028
-49,44048
-52,44125
-52,44151
-62,44226
-62,44253
-50,44320
-50,44348
-53,44428
-53,44449
-62,44526
-61,44554
-50,44630
-50,44658
-54,44711
-54,44740
-54,44761
-61,44835
-62,44861
-51,44930
-51,44958
-54,45030
-54,45050
-63,45129
-63,45150
-55,45346
-52,45829
-54,46145
-69,46623
-67,46938
-66,47250
-61,47720
-62,48029
-62,48345
-59,48660
-59,48818
-56,49137
-52,49449
-61,49613
-60,49928
-59,50240
-56,50549
-48,51022
-51,51336
-52,51650
-47,52124
-48,52442
-60,52918
-61,53225
-60,53546
-55,54019
-52,54332
-52,54645
-51,55125
-48,55437
-48,55754
-54,55912
-56,56230
-55,56548
-48,57022
-48,57338
-47,57648
-45,58122
-45,58434
-46,58739
-50,59048
-54,59361
-61,59521
-56,59837
-62,60149
-51,60631
-52,60947
-48,61421
-47,61731
-46,62050
-46,62359
-60,62522
-58,62844
-59,63154
-50,63313
-50,63622
-50,63941
-50,64256
-47,64416
-48,64730
-50,65048
-62,65532
-66,65842
-65,66157
-61,66316
-60,66635
-62,66947
-60,67422
-62,67737
-63,68052
-63,68359
-72,68520
-78,68833
-72,69617
-72,69936
-70,70243
-71,70549
-71,71018
-73,71645
-75,71959
-79,72116
-75,73215
-74,73524
-76,73842
-79,74158
-80,74954
-80,76220
-79,77939
-80,79824
-80,80141
-80,81252
-79,82815
-77,83927
-79,84247
-128,0
-78,89125
-79,89758
-128,0
-77,93221
-74,93544
-80,95118
-76,95436
-79,95751
-74,96225
-68,96536
-69,96848
-68,98425
-68,98735
-73,99056
-70,99217
-68,99524
-67,99843
-65,100157
-79,101261
-70,101421
-71,101730
-67,102043
-66,102356
-56,102824
-51,103140
-50,103452
-69,103921
-63,104238
-59,104553
-55,105024
-62,105339
-57,105661
-56,105814
-58,106131
-58,106450
-69,106923
-68,107236
-68,107545
-66,108017
-72,108328
-67,108644
-68,108953
-75,109114
-75,109434
-66,109746
-65,111327
-66,111638
-66,111951
-64,112416
-70,112730
-80,113040
-75,113360
-70,114313
-73,114631
-73,114951
-68,115430
-68,115747
-71,116220
-72,116531
-72,116845
-72,117318
-67,117629
-66,117942
-65,118417
-63,118738
-61,119047
-62,119355
-68,119519
-69,119841
-68,120150
-70,120627
-67,120939
-69,121259
-69,121417
-69,121739
-63,122054
-69,122218
-76,122538
-72,122849
-70,123324
-72,123635
-66,124423
-62,124737
-59,125056
-71,125219
-66,125532
-67,125847
-58,126628
-59,126940
-60,127259
-53,127413
-66,127723
-65,128039
-66,128349
-66,128660
-76,128819
-80,129128
-51,129922
-62,130231
-54,130541
-55,130858
-52,131017
-49,131335
-50,131652
-59,131811
-61,132129
-59,132447
-57,132918
-66,133237
-69,133552
-68,134016
-63,134335
-67,134646
-62,134960
-67,135117
-68,135427
-64,135743
-62,136056
-56,136213
-52,136532
-50,136846
-50,137158
-46,137319
-47,137635
-51,137954
-60,138117
-63,138438
-65,138757
-57,138916
-61,139237
-67,139548
-64,139858
-62,140323
-63,140638
-62,140948
-62,141256
-76,141413
-73,141737
-75,142056
-69,142215
-67,142528
-67,142838
-67,143154
-68,143627
-67,143936
-73,144244
-77,144722
-73,145041
-72,145360
-76,145514
-76,145829
-80,146140
-68,146451
-67,146919
-68,147232
-80,147542
-65,147858
-78,148015
-80,148331
-79,148650
-78,149123
-76,149913
-72,150234
-69,150548
-79,150711
-128,0
-74,174226
-79,174542
-128,0
-79,178148
-78,179728
-77,180043
-70,180521
-71,180845
-72,182112
-68,182733
-69,183049
-59,183522
-55,183834
-54,184147
-60,184312
-63,184632
-70,184940
-53,185257
-53,185418
-51,185730
-53,186043
-62,186356
-55,186512
-55,186822
-71,187133
-63,187445
-72,187920
-66,188231
-68,188542
-66,188858
-59,189011
-67,189325
-66,189641
-57,189958
-61,190115
-51,190434
-59,190746
-54,191051
-71,191526
-68,191844
-68,192160
-57,192320
-56,192630
-57,192952
-55,193430
-56,193748
-68,194226
-65,194538
-66,194856
-59,195016
-58,195327
-57,195635
-58,195949
-56,196422
-57,196736
