Bluefruit52 Central Proximity Example
-------------------------------------

Bluefruit initialized (central mode)
Scanning ...
[0] 42:16:EB:6E:1C:F9 -50 (453 ms)
[1] 00:00:00:00:00:00 -128 (0 ms)
[2] 00:00:00:00:00:00 -128 (0 ms)
[3] 00:00:00:00:00:00 -128 (0 ms)

[0] 42:16:EB:6E:1C:F9 -42 (613 ms)
[1] 00:00:00:00:00:00 -128 (0 ms)
[2] 00:00:00:00:00:00 -128 (0 ms)
[3] 00:00:00:00:00:00 -128 (0 ms)

[0] 42:16:EB:6E:1C:F9 -42 (925 ms)
[1] 00:00:00:00:00:00 -128 (0 ms)
[2] 00:00:00:00:00:00 -128 (0 ms)
[3] 00:00:00:00:00:00 -128 (0 ms)

[0] 42:16:EB:6E:1C:F9 -43 (1242 ms)
[1] 00:00:00:00:00:00 -128 (0 ms)
[2] 00:00:00:00:00:00 -128 (0 ms)
[3] 00:00:00:00:00:00 -128 (0 ms)

[0] 42:16:EB:6E:1C:F9 -40 (1716 ms)
[1] 00:00:00:00:00:00 -128 (0 ms)
[2] 00:00:00:00:00:00 -128 (0 ms)
[3] 00:00:00:00:00:00 -128 (0 ms)

[0] 42:16:EB:6E:1C:F9 -41 (2027 ms)
[1] 00:00:00:00:00:00 -128 (0 ms)
[2] 00:00:00:00:00:00 -128 (0 ms)
[3] 00:00:00:00:00:00 -128 (0 ms)

[0] 42:16:EB:6E:1C:F9 -41 (2341 ms)
[1] 00:00:00:00:00:00 -128 (0 ms)
[2] 00:00:00:00:00:00 -128 (0 ms)
[3] 00:00:00:00:00:00 -128 (0 ms)

[0] 42:16:EB:6E:1C:F9 -43 (2650 ms)
[1] 00:00:00:00:00:00 -128 (0 ms)
[2] 00:00:00:00:00:00 -128 (0 ms)
[3] 00:00:00:00:00:00 -128 (0 ms)

[0] 42:16:EB:6E:1C:F9 -50 (2814 ms)
[1] 00:00:00:00:00:00 -128 (0 ms)
[2] 00:00:00:00:00:00 -128 (0 ms)
[3] 00:00:00:00:00:00 -128 (0 ms)

[0] 42:16:EB:6E:1C:F9 -50 (3124 ms)
[1] 00:00:00:00:00:00 -128 (0 ms)
[2] 00:00:00:00:00:00 -128 (0 ms)
[3] 00:00:00:00:00:00 -128 (0 ms)

[0] 42:16:EB:6E:1C:F9 -50 (3436 ms)
[1] 00:00:00:00:00:00 -128 (0 ms)
[2] 00:00:00:00:00:00 -128 (0 ms)
[3] 00:00:00:00:00:00 -128 (0 ms)

[0] 42:16:EB:6E:1C:F9 -49 (3744 ms)
[1] 00:00:00:00:00:00 -128 (0 ms)
[2] 00:00:00:00:00:00 -128 (0 ms)
[3] 00:00:00:00:00:00 -128 (0 ms)

[0] 42:16:EB:6E:1C:F9 -42 (4217 ms)
[1] 00:00:00:00:00:00 -128 (0 ms)
[2] 00:00:00:00:00:00 -128 (0 ms)
[3] 00:00:00:00:00:00 -128 (0 ms)

[0] 42:16:EB:6E:1C:F9 -42 (4535 ms)
[1] 00:00:00:00:00:00 -128 (0 ms)
[2] 00:00:00:00:00:00 -128 (0 ms)
[3] 00:00:00:00:00:00 -128 (0 ms)

[0] 42:16:EB:6E:1C:F9 -42 (4848 ms)
[1] 00:00:00:00:00:00 -128 (0 ms)
[2] 00:00:00:00:00:00 -128 (0 ms)
[3] 00:00:00:00:00:00 -128 (0 ms)

[0] 42:16:EB:6E:1C:F9 -42 (5156 ms)
[1] 00:00:00:00:00:00 -128 (0 ms)
[2] 00:00:00:00:00:00 -128 (0 ms)
[3] 00:00:00:00:00:00 -128 (0 ms)

[0] 42:16:EB:6E:1C:F9 -39 (5312 ms)
[1] 00:00:00:00:00:00 -128 (0 ms)
[2] 00:00:00:00:00:00 -128 (0 ms)
[3] 00:00:00:00:00:00 -128 (0 ms)

[0] 42:16:EB:6E:1C:F9 -39 (5626 ms)
[1] 00:00:00:00:00:00 -128 (0 ms)
[2] 00:00:00:00:00:00 -128 (0 ms)
[3] 00:00:00:00:00:00 -128 (0 ms)

[0] 42:16:EB:6E:1C:F9 -39 (5948 ms)
[1] 00:00:00:00:00:00 -128 (0 ms)
[2] 00:00:00:00:00:00 -128 (0 ms)
[3] 00:00:00:00:00:00 -128 (0 ms)

[0] 42:16:EB:6E:1C:F9 -49 (6112 ms)
[1] 00:00:00:00:00:00 -128 (0 ms)
[2] 00:00:00:00:00:00 -128 (0 ms)
[3] 00:00:00:00:00:00 -128 (0 ms)

[0] 42:16:EB:6E:1C:F9 -49 (6426 ms)
[1] 00:00:00:00:00:00 -128 (0 ms)
[2] 00:00:00:00:00:00 -128 (0 ms)
[3] 00:00:00:00:00:00 -128 (0 ms)

[0] 42:16:EB:6E:1C:F9 -50 (6743 ms)
[1] 00:00:00:00:00:00 -128 (0 ms)
[2] 00:00:00:00:00:00 -128 (0 ms)
[3] 00:00:00:00:00:00 -128 (0 ms)

[0] 42:16:EB:6E:1C:F9 -43 (7221 ms)
[1] 00:00:00:00:00:00 -128 (0 ms)
[2] 00:00:00:00:00:00 -128 (0 ms)
[3] 00:00:00:00:00:00 -128 (0 ms)

[0] 42:16:EB:6E:1C:F9 -43 (7541 ms)
[1] 00:00:00:00:00:00 -128 (0 ms)
[2] 00:00:00:00:00:00 -128 (0 ms)
[3] 00:00:00:00:00:00 -128 (0 ms)

[0] 42:16:EB:6E:1C:F9 -45 (7859 ms)
[1] 00:00:00:00:00:00 -128 (0 ms)
[2] 00:00:00:00:00:00 -128 (0 ms)
[3] 00:00:00:00:00:00 -128 (0 ms)

[0] 42:16:EB:6E:1C:F9 -44 (8015 ms)
[1] 00:00:00:00:00:00 -128 (0 ms)
[2] 00:00:00:00:00:00 -128 (0 ms)
[3] 00:00:00:00:00:00 -128 (0 ms)

[0] 42:16:EB:6E:1C:F9 -44 (8325 ms)
[1] 00:00:00:00:00:00 -128 (0 ms)
[2] 00:00:00:00:00:00 -128 (0 ms)
[3] 00:00:00:00:00:00 -128 (0 ms)

[0] 42:16:EB:6E:1C:F9 -47 (8635 ms)
[1] 00:00:00:00:00:00 -128 (0 ms)
[2] 00:00:00:00:00:00 -128 (0 ms)
[3] 00:00:00:00:00:00 -128 (0 ms)

[0] 42:16:EB:6E:1C:F9 -47 (8950 ms)
[1] 00:00:00:00:00:00 -128 (0 ms)
[2] 00:00:00:00:00:00 -128 (0 ms)
[3] 00:00:00:00:00:00 -128 (0 ms)

[0] 42:16:EB:6E:1C:F9 -48 (9424 ms)
[1] 00:00:00:00:00:00 -128 (0 ms)
[2] 00:00:00:00:00:00 -128 (0 ms)
[3] 00:00:00:00:00:00 -128 (0 ms)

[0] 42:16:EB:6E:1C:F9 -50 (9741 ms)
[1] 00:00:00:00:00:00 -128 (0 ms)
[2] 00:00:00:00:00:00 -128 (0 ms)
[3] 00:00:00:00:00:00 -128 (0 ms)

[0] 42:16:EB:6E:1C:F9 -53 (10052 ms)
[1] 00:00:00:00:00:00 -128 (0 ms)
[2] 00:00:00:00:00:00 -128 (0 ms)
[3] 00:00:00:00:00:00 -128 (0 ms)

[0] 42:16:EB:6E:1C:F9 -42 (10521 ms)
[1] 00:00:00:00:00:00 -128 (0 ms)
[2] 00:00:00:00:00:00 -128 (0 ms)
[3] 00:00:00:00:00:00 -128 (0 ms)

[0] 42:16:EB:6E:1C:F9 -47 (10837 ms)
[1] 00:00:00:00:00:00 -128 (0 ms)
[2] 00:00:00:00:00:00 -128 (0 ms)
[3] 00:00:00:00:00:00 -128 (0 ms)

[0] 42:16:EB:6E:1C:F9 -48 (11151 ms)
[1] 00:00:00:00:00:00 -128 (0 ms)
[2] 00:00:00:00:00:00 -128 (0 ms)
[3] 00:00:00:00:00:00 -128 (0 ms)

[0] 42:16:EB:6E:1C:F9 -60 (11625 ms)
[1] 00:00:00:00:00:00 -128 (0 ms)
[2] 00:00:00:00:00:00 -128 (0 ms)
[3] 00:00:00:00:00:00 -128 (0 ms)

[0] 42:16:EB:6E:1C:F9 -59 (11944 ms)
[1] 00:00:00:00:00:00 -128 (0 ms)
[2] 00:00:00:00:00:00 -128 (0 ms)
[3] 00:00:00:00:00:00 -128 (0 ms)

[0] 42:16:EB:6E:1C:F9 -67 (12416 ms)
[1] 00:00:00:00:00:00 -128 (0 ms)
[2] 00:00:00:00:00:00 -128 (0 ms)
[3] 00:00:00:00:00:00 -128 (0 ms)

[0] 42:16:EB:6E:1C:F9 -70 (12738 ms)
[1] 00:00:00:00:00:00 -128 (0 ms)
[2] 00:00:00:00:00:00 -128 (0 ms)
[3] 00:00:00:00:00:00 -128 (0 ms)

[0] 42:16:EB:6E:1C:F9 -70 (13056 ms)
[1] 00:00:00:00:00:00 -128 (0 ms)
[2] 00:00:00:00:00:00 -128 (0 ms)
[3] 00:00:00:00:00:00 -128 (0 ms)

[0] 42:16:EB:6E:1C:F9 -63 (13217 ms)
[1] 00:00:00:00:00:00 -128 (0 ms)
[2] 00:00:00:00:00:00 -128 (0 ms)
[3] 00:00:00:00:00:00 -128 (0 ms)

[0] 42:16:EB:6E:1C:F9 -63 (13538 ms)
[1] 00:00:00:00:00:00 -128 (0 ms)
[2] 00:00:00:00:00:00 -128 (0 ms)
[3] 00:00:00:00:00:00 -128 (0 ms)

[0] 42:16:EB:6E:1C:F9 -63 (13857 ms)
[1] 00:00:00:00:00:00 -128 (0 ms)
[2] 00:00:00:00:00:00 -128 (0 ms)
[3] 00:00:00:00:00:00 -128 (0 ms)

[0] 42:16:EB:6E:1C:F9 -67 (14015 ms)
[1] 00:00:00:00:00:00 -128 (0 ms)
[2] 00:00:00:00:00:00 -128 (0 ms)
[3] 00:00:00:00:00:00 -128 (0 ms)

[0] 42:16:EB:6E:1C:F9 -64 (14335 ms)
[1] 00:00:00:00:00:00 -128 (0 ms)
[2] 00:00:00:00:00:00 -128 (0 ms)
[3] 00:00:00:00:00:00 -128 (0 ms)

[0] 42:16:EB:6E:1C:F9 -66 (14645 ms)
[1] 00:00:00:00:00:00 -128 (0 ms)
[2] 00:00:00:00:00:00 -128 (0 ms)
[3] 00:00:00:00:00:00 -128 (0 ms)

[0] 42:16:EB:6E:1C:F9 -65 (14958 ms)
[1] 00:00:00:00:00:00 -128 (0 ms)
[2] 00:00:00:00:00:00 -128 (0 ms)
[3] 00:00:00:00:00:00 -128 (0 ms)

[0] 42:16:EB:6E:1C:F9 -75 (15732 ms)
[1] 00:00:00:00:00:00 -128 (0 ms)
[2] 00:00:00:00:00:00 -128 (0 ms)
[3] 00:00:00:00:00:00 -128 (0 ms)

[0] 42:16:EB:6E:1C:F9 -68 (16517 ms)
[1] 00:00:00:00:00:00 -128 (0 ms)
[2] 00:00:00:00:00:00 -128 (0 ms)
[3] 00:00:00:00:00:00 -128 (0 ms)

[0] 42:16:EB:6E:1C:F9 -70 (16837 ms)
[1] 00:00:00:00:00:00 -128 (0 ms)
[2] 00:00:00:00:00:00 -128 (0 ms)
[3] 00:00:00:00:00:00 -128 (0 ms)

[0] 42:16:EB:6E:1C:F9 -73 (17150 ms)
[1] 00:00:00:00:00:00 -128 (0 ms)
[2] 00:00:00:00:00:00 -128 (0 ms)
[3] 00:00:00:00:00:00 -128 (0 ms)

[0] 42:16:EB:6E:1C:F9 -75 (17618 ms)
[1] 00:00:00:00:00:00 -128 (0 ms)
[2] 00:00:00:00:00:00 -128 (0 ms)
[3] 00:00:00:00:00:00 -128 (0 ms)

[0] 42:16:EB:6E:1C:F9 -69 (17928 ms)
[1] 00:00:00:00:00:00 -128 (0 ms)
[2] 00:00:00:00:00:00 -128 (0 ms)
[3] 00:00:00:00:00:00 -128 (0 ms)

[0] 42:16:EB:6E:1C:F9 -73 (18238 ms)
[1] 00:00:00:00:00:00 -128 (0 ms)
[2] 00:00:00:00:00:00 -128 (0 ms)
[3] 00:00:00:00:00:00 -128 (0 ms)

[0] 42:16:EB:6E:1C:F9 -75 (18552 ms)
[1] 00:00:00:00:00:00 -128 (0 ms)
[2] 00:00:00:00:00:00 -128 (0 ms)
[3] 00:00:00:00:00:00 -128 (0 ms)

[0] 42:16:EB:6E:1C:F9 -74 (20120 ms)
[1] 00:00:00:00:00:00 -128 (0 ms)
[2] 00:00:00:00:00:00 -128 (0 ms)
[3] 00:00:00:00:00:00 -128 (0 ms)

[0] 42:16:EB:6E:1C:F9 -76 (20432 ms)
[1] 00:00:00:00:00:00 -128 (0 ms)
[2] 00:00:00:00:00:00 -128 (0 ms)
[3] 00:00:00:00:00:00 -128 (0 ms)

[0] 42:16:EB:6E:1C:F9 -78 (20742 ms)
[1] 00:00:00:00:00:00 -128 (0 ms)
[2] 00:00:00:00:00:00 -128 (0 ms)
[3] 00:00:00:00:00:00 -128 (0 ms)

[0] 42:16:EB:6E:1C:F9 -79 (21216 ms)
[1] 00:00:00:00:00:00 -128 (0 ms)
[2] 00:00:00:00:00:00 -128 (0 ms)
[3] 00:00:00:00:00:00 -128 (0 ms)

[0] 42:16:EB:6E:1C:F9 -74 (21531 ms)
[1] 00:00:00:00:00:00 -128 (0 ms)
[2] 00:00:00:00:00:00 -128 (0 ms)
[3] 00:00:00:00:00:00 -128 (0 ms)

[0] 42:16:EB:6E:1C:F9 -74 (21847 ms)
[1] 00:00:00:00:00:00 -128 (0 ms)
[2] 00:00:00:00:00:00 -128 (0 ms)
[3] 00:00:00:00:00:00 -128 (0 ms)

[0] 00:00:00:00:00:00 -128 (0 ms)
[1] 00:00:00:00:00:00 -128 (0 ms)
[2] 00:00:00:00:00:00 -128 (0 ms)
[3] 00:00:00:00:00:00 -128 (0 ms)

[0] 42:16:EB:6E:1C:F9 -80 (36638 ms)
[1] 00:00:00:00:00:00 -128 (0 ms)
[2] 00:00:00:00:00:00 -128 (0 ms)
[3] 00:00:00:00:00:00 -128 (0 ms)

[0] 42:16:EB:6E:1C:F9 -79 (36950 ms)
[1] 00:00:00:00:00:00 -128 (0 ms)
[2] 00:00:00:00:00:00 -128 (0 ms)
[3] 00:00:00:00:00:00 -128 (0 ms)

[0] 42:16:EB:6E:1C:F9 -78 (37111 ms)
[1] 00:00:00:00:00:00 -128 (0 ms)
[2] 00:00:00:00:00:00 -128 (0 ms)
[3] 00:00:00:00:00:00 -128 (0 ms)

[0] 42:16:EB:6E:1C:F9 -74 (37421 ms)
[1] 00:00:00:00:00:00 -128 (0 ms)
[2] 00:00:00:00:00:00 -128 (0 ms)
[3] 00:00:00:00:00:00 -128 (0 ms)

[0] 42:16:EB:6E:1C:F9 -73 (37732 ms)
[1] 00:00:00:00:00:00 -128 (0 ms)
[2] 00:00:00:00:00:00 -128 (0 ms)
[3] 00:00:00:00:00:00 -128 (0 ms)

[0] 42:16:EB:6E:1C:F9 -78 (38045 ms)
[1] 00:00:00:00:00:00 -128 (0 ms)
[2] 00:00:00:00:00:00 -128 (0 ms)
[3] 00:00:00:00:00:00 -128 (0 ms)

[0] 42:16:EB:6E:1C:F9 -80 (39158 ms)
[1] 00:00:00:00:00:00 -128 (0 ms)
[2] 00:00:00:00:00:00 -128 (0 ms)
[3] 00:00:00:00:00:00 -128 (0 ms)

[0] 42:16:EB:6E:1C:F9 -72 (39319 ms)
[1] 00:00:00:00:00:00 -128 (0 ms)
[2] 00:00:00:00:00:00 -128 (0 ms)
[3] 00:00:00:00:00:00 -128 (0 ms)

[0] 42:16:EB:6E:1C:F9 -70 (39632 ms)
[1] 00:00:00:00:00:00 -128 (0 ms)
[2] 00:00:00:00:00:00 -128 (0 ms)
[3] 00:00:00:00:00:00 -128 (0 ms)

[0] 42:16:EB:6E:1C:F9 -70 (39939 ms)
[1] 00:00:00:00:00:00 -128 (0 ms)
[2] 00:00:00:00:00:00 -128 (0 ms)
[3] 00:00:00:00:00:00 -128 (0 ms)

[0] 42:16:EB:6E:1C:F9 -68 (40249 ms)
[1] 00:00:00:00:00:00 -128 (0 ms)
[2] 00:00:00:00:00:00 -128 (0 ms)
[3] 00:00:00:00:00:00 -128 (0 ms)

[0] 42:16:EB:6E:1C:F9 -70 (40559 ms)
[1] 00:00:00:00:00:00 -128 (0 ms)
[2] 00:00:00:00:00:00 -128 (0 ms)
[3] 00:00:00:00:00:00 -128 (0 ms)

[0] 42:16:EB:6E:1C:F9 -68 (40717 ms)
[1] 00:00:00:00:00:00 -128 (0 ms)
[2] 00:00:00:00:00:00 -128 (0 ms)
[3] 00:00:00:00:00:00 -128 (0 ms)

[0] 42:16:EB:6E:1C:F9 -67 (41034 ms)
[1] 00:00:00:00:00:00 -128 (0 ms)
[2] 00:00:00:00:00:00 -128 (0 ms)
[3] 00:00:00:00:00:00 -128 (0 ms)

[0] 42:16:EB:6E:1C:F9 -67 (41354 ms)
[1] 00:00:00:00:00:00 -128 (0 ms)
[2] 00:00:00:00:00:00 -128 (0 ms)
[3] 00:00:00:00:00:00 -128 (0 ms)

[0] 42:16:EB:6E:1C:F9 -72 (41821 ms)
[1] 00:00:00:00:00:00 -128 (0 ms)
[2] 00:00:00:00:00:00 -128 (0 ms)
[3] 00:00:00:00:00:00 -128 (0 ms)

[0] 42:16:EB:6E:1C:F9 -75 (42447 ms)
[1] 00:00:00:00:00:00 -128 (0 ms)
[2] 00:00:00:00:00:00 -128 (0 ms)
[3] 00:00:00:00:00:00 -128 (0 ms)

[0] 42:16:EB:6E:1C:F9 -79 (42756 ms)
[1] 00:00:00:00:00:00 -128 (0 ms)
[2] 00:00:00:00:00:00 -128 (0 ms)
[3] 00:00:00:00:00:00 -128 (0 ms)

[0] 42:16:EB:6E:1C:F9 -68 (42916 ms)
[1] 00:00:00:00:00:00 -128 (0 ms)
[2] 00:00:00:00:00:00 -128 (0 ms)
[3] 00:00:00:00:00:00 -128 (0 ms)

[0] 42:16:EB:6E:1C:F9 -62 (43229 ms)
[1] 00:00:00:00:00:00 -128 (0 ms)
[2] 00:00:00:00:00:00 -128 (0 ms)
[3] 00:00:00:00:00:00 -128 (0 ms)

[0] 42:16:EB:6E:1C:F9 -55 (43541 ms)
[1] 00:00:00:00:00:00 -128 (0 ms)
[2] 00:00:00:00:00:00 -128 (0 ms)
[3] 00:00:00:00:00:00 -128 (0 ms)

[0] 42:16:EB:6E:1C:F9 -47 (44020 ms)
[1] 00:00:00:00:00:00 -128 (0 ms)
[2] 00:00:00:00:00:00 -128 (0 ms)
[3] 00:00:00:00:00:00 -128 (0 ms)

[0] 42:16:EB:6E:1C:F9 -47 (44343 ms)
[1] 00:00:00:00:00:00 -128 (0 ms)
[2] 00:00:00:00:00:00 -128 (0 ms)
[3] 00:00:00:00:00:00 -128 (0 ms)

[0] 42:16:EB:6E:1C:F9 -44 (44660 ms)
[1] 00:00:00:00:00:00 -128 (0 ms)
[2] 00:00:00:00:00:00 -128 (0 ms)
[3] 00:00:00:00:00:00 -128 (0 ms)

[0] 42:16:EB:6E:1C:F9 -56 (44821 ms)
[1] 00:00:00:00:00:00 -128 (0 ms)
[2] 00:00:00:00:00:00 -128 (0 ms)
[3] 00:00:00:00:00:00 -128 (0 ms)

[0] 42:16:EB:6E:1C:F9 -63 (45129 ms)
[1] 00:00:00:00:00:00 -128 (0 ms)
[2] 00:00:00:00:00:00 -128 (0 ms)
[3] 00:00:00:00:00:00 -128 (0 ms)

[0] 42:16:EB:6E:1C:F9 -57 (45451 ms)
[1] 00:00:00:00:00:00 -128 (0 ms)
[2] 00:00:00:00:00:00 -128 (0 ms)
[3] 00:00:00:00:00:00 -128 (0 ms)

[0] 42:16:EB:6E:1C:F9 -52 (45923 ms)
[1] 00:00:00:00:00:00 -128 (0 ms)
[2] 00:00:00:00:00:00 -128 (0 ms)
[3] 00:00:00:00:00:00 -128 (0 ms)

[0] 42:16:EB:6E:1C:F9 -50 (46234 ms)
[1] 00:00:00:00:00:00 -128 (0 ms)
[2] 00:00:00:00:00:00 -128 (0 ms)
[3] 00:00:00:00:00:00 -128 (0 ms)

[0] 42:16:EB:6E:1C:F9 -50 (46549 ms)
[1] 00:00:00:00:00:00 -128 (0 ms)
[2] 00:00:00:00:00:00 -128 (0 ms)
[3] 00:00:00:00:00:00 -128 (0 ms)

[0] 42:16:EB:6E:1C:F9 -49 (47025 ms)
[1] 00:00:00:00:00:00 -128 (0 ms)
[2] 00:00:00:00:00:00 -128 (0 ms)
[3] 00:00:00:00:00:00 -128 (0 ms)

[0] 42:16:EB:6E:1C:F9 -51 (47339 ms)
[1] 00:00:00:00:00:00 -128 (0 ms)
[2] 00:00:00:00:00:00 -128 (0 ms)
[3] 00:00:00:00:00:00 -128 (0 ms)

[0] 42:16:EB:6E:1C:F9 -52 (47653 ms)
[1] 00:00:00:00:00:00 -128 (0 ms)
[2] 00:00:00:00:00:00 -128 (0 ms)
[3] 00:00:00:00:00:00 -128 (0 ms)

[0] 42:16:EB:6E:1C:F9 -62 (47811 ms)
[1] 00:00:00:00:00:00 -128 (0 ms)
[2] 00:00:00:00:00:00 -128 (0 ms)
[3] 00:00:00:00:00:00 -128 (0 ms)

[0] 42:16:EB:6E:1C:F9 -60 (48130 ms)
[1] 00:00:00:00:00:00 -128 (0 ms)
[2] 00:00:00:00:00:00 -128 (0 ms)
[3] 00:00:00:00:00:00 -128 (0 ms)

[0] 42:16:EB:6E:1C:F9 -58 (48445 ms)
[1] 00:00:00:00:00:00 -128 (0 ms)
[2] 00:00:00:00:00:00 -128 (0 ms)
[3] 00:00:00:00:00:00 -128 (0 ms)

[0] 42:16:EB:6E:1C:F9 -52 (48920 ms)
[1] 00:00:00:00:00:00 -128 (0 ms)
[2] 00:00:00:00:00:00 -128 (0 ms)
[3] 00:00:00:00:00:00 -128 (0 ms)

[0] 42:16:EB:6E:1C:F9 -52 (49238 ms)
[1] 00:00:00:00:00:00 -128 (0 ms)
[2] 00:00:00:00:00:00 -128 (0 ms)
[3] 00:00:00:00:00:00 -128 (0 ms)

[0] 42:16:EB:6E:1C:F9 -51 (49553 ms)
[1] 00:00:00:00:00:00 -128 (0 ms)
[2] 00:00:00:00:00:00 -128 (0 ms)
[3] 00:00:00:00:00:00 -128 (0 ms)

